<?xml version="1.0" encoding="UTF-8"?>
<coverage generated="1612917892">
  <project timestamp="1612917892">
    <file name="/home/alexp/www/repositories/alex-patterson-webdev/doctrine-entity-repository/src/AbstractEntityRepository.php">
      <class name="Arp\DoctrineEntityRepository\AbstractEntityRepository" namespace="global">
        <metrics complexity="48" methods="16" coveredmethods="10" conditionals="0" coveredconditionals="0" statements="174" coveredstatements="81" elements="190" coveredelements="91"/>
      </class>
      <line num="54" type="method" name="__construct" visibility="public" complexity="1" crap="1" count="2"/>
      <line num="60" type="stmt" count="2"/>
      <line num="61" type="stmt" count="2"/>
      <line num="62" type="stmt" count="2"/>
      <line num="63" type="stmt" count="2"/>
      <line num="64" type="stmt" count="2"/>
      <line num="71" type="method" name="getClassName" visibility="public" complexity="1" crap="1" count="1"/>
      <line num="73" type="stmt" count="1"/>
      <line num="87" type="method" name="find" visibility="public" complexity="2" crap="2" count="3"/>
      <line num="90" type="stmt" count="3"/>
      <line num="91" type="stmt" count="1"/>
      <line num="92" type="stmt" count="1"/>
      <line num="94" type="stmt" count="1"/>
      <line num="96" type="stmt" count="1"/>
      <line num="109" type="method" name="findOneBy" visibility="public" complexity="2" crap="2" count="3"/>
      <line num="112" type="stmt" count="3"/>
      <line num="113" type="stmt" count="1"/>
      <line num="114" type="stmt" count="1"/>
      <line num="116" type="stmt" count="1"/>
      <line num="118" type="stmt" count="1"/>
      <line num="129" type="method" name="findAll" visibility="public" complexity="1" crap="1" count="1"/>
      <line num="131" type="stmt" count="1"/>
      <line num="146" type="method" name="findBy" visibility="public" complexity="5" crap="5" count="7"/>
      <line num="149" type="stmt" count="7"/>
      <line num="151" type="stmt" count="7"/>
      <line num="152" type="stmt" count="2"/>
      <line num="155" type="stmt" count="7"/>
      <line num="156" type="stmt" count="2"/>
      <line num="159" type="stmt" count="7"/>
      <line num="160" type="stmt" count="2"/>
      <line num="163" type="stmt" count="7"/>
      <line num="164" type="stmt" count="1"/>
      <line num="165" type="stmt" count="1"/>
      <line num="166" type="stmt" count="1"/>
      <line num="167" type="stmt" count="1"/>
      <line num="168" type="stmt" count="1"/>
      <line num="171" type="stmt" count="1"/>
      <line num="173" type="stmt" count="1"/>
      <line num="187" type="method" name="save" visibility="public" complexity="2" crap="2" count="2"/>
      <line num="190" type="stmt" count="2"/>
      <line num="191" type="stmt" count="1"/>
      <line num="192" type="stmt" count="1"/>
      <line num="194" type="stmt" count="1"/>
      <line num="196" type="stmt" count="1"/>
      <line num="210" type="method" name="saveCollection" visibility="public" complexity="7" crap="56" count="0"/>
      <line num="212" type="stmt" count="0"/>
      <line num="213" type="stmt" count="0"/>
      <line num="216" type="stmt" count="0"/>
      <line num="217" type="stmt" count="0"/>
      <line num="218" type="stmt" count="0"/>
      <line num="220" type="stmt" count="0"/>
      <line num="223" type="stmt" count="0"/>
      <line num="225" type="stmt" count="0"/>
      <line num="226" type="stmt" count="0"/>
      <line num="229" type="stmt" count="0"/>
      <line num="230" type="stmt" count="0"/>
      <line num="233" type="stmt" count="0"/>
      <line num="234" type="stmt" count="0"/>
      <line num="235" type="stmt" count="0"/>
      <line num="236" type="stmt" count="0"/>
      <line num="237" type="stmt" count="0"/>
      <line num="241" type="stmt" count="0"/>
      <line num="242" type="stmt" count="0"/>
      <line num="243" type="stmt" count="0"/>
      <line num="245" type="stmt" count="0"/>
      <line num="248" type="stmt" count="0"/>
      <line num="249" type="stmt" count="0"/>
      <line num="250" type="stmt" count="0"/>
      <line num="252" type="stmt" count="0"/>
      <line num="255" type="stmt" count="0"/>
      <line num="256" type="stmt" count="0"/>
      <line num="257" type="stmt" count="0"/>
      <line num="258" type="stmt" count="0"/>
      <line num="259" type="stmt" count="0"/>
      <line num="261" type="stmt" count="0"/>
      <line num="264" type="stmt" count="0"/>
      <line num="265" type="stmt" count="0"/>
      <line num="266" type="stmt" count="0"/>
      <line num="267" type="stmt" count="0"/>
      <line num="270" type="stmt" count="0"/>
      <line num="272" type="stmt" count="0"/>
      <line num="286" type="method" name="delete" visibility="public" complexity="7" crap="7" count="8"/>
      <line num="288" type="stmt" count="8"/>
      <line num="289" type="stmt" count="4"/>
      <line num="291" type="stmt" count="4"/>
      <line num="292" type="stmt" count="4"/>
      <line num="293" type="stmt" count="4"/>
      <line num="294" type="stmt" count="4"/>
      <line num="295" type="stmt" count="4"/>
      <line num="298" type="stmt" count="4"/>
      <line num="300" type="stmt" count="4"/>
      <line num="303" type="stmt" count="4"/>
      <line num="304" type="stmt" count="2"/>
      <line num="305" type="stmt" count="2"/>
      <line num="307" type="stmt" count="2"/>
      <line num="308" type="stmt" count="1"/>
      <line num="309" type="stmt" count="1"/>
      <line num="310" type="stmt" count="1"/>
      <line num="314" type="stmt" count="1"/>
      <line num="316" type="stmt" count="1"/>
      <line num="321" type="stmt" count="3"/>
      <line num="322" type="stmt" count="1"/>
      <line num="323" type="stmt" count="1"/>
      <line num="324" type="stmt" count="1"/>
      <line num="325" type="stmt" count="1"/>
      <line num="326" type="stmt" count="1"/>
      <line num="329" type="stmt" count="1"/>
      <line num="331" type="stmt" count="1"/>
      <line num="345" type="method" name="deleteCollection" visibility="public" complexity="8" crap="72" count="0"/>
      <line num="347" type="stmt" count="0"/>
      <line num="348" type="stmt" count="0"/>
      <line num="351" type="stmt" count="0"/>
      <line num="352" type="stmt" count="0"/>
      <line num="356" type="stmt" count="0"/>
      <line num="357" type="stmt" count="0"/>
      <line num="360" type="stmt" count="0"/>
      <line num="361" type="stmt" count="0"/>
      <line num="362" type="stmt" count="0"/>
      <line num="363" type="stmt" count="0"/>
      <line num="367" type="stmt" count="0"/>
      <line num="368" type="stmt" count="0"/>
      <line num="371" type="stmt" count="0"/>
      <line num="372" type="stmt" count="0"/>
      <line num="375" type="stmt" count="0"/>
      <line num="376" type="stmt" count="0"/>
      <line num="377" type="stmt" count="0"/>
      <line num="378" type="stmt" count="0"/>
      <line num="381" type="stmt" count="0"/>
      <line num="382" type="stmt" count="0"/>
      <line num="383" type="stmt" count="0"/>
      <line num="384" type="stmt" count="0"/>
      <line num="387" type="stmt" count="0"/>
      <line num="389" type="stmt" count="0"/>
      <line num="396" type="method" name="clear" visibility="public" complexity="2" crap="2" count="2"/>
      <line num="399" type="stmt" count="2"/>
      <line num="400" type="stmt" count="1"/>
      <line num="401" type="stmt" count="1"/>
      <line num="402" type="stmt" count="1"/>
      <line num="403" type="stmt" count="1"/>
      <line num="404" type="stmt" count="1"/>
      <line num="407" type="stmt" count="1"/>
      <line num="409" type="stmt" count="1"/>
      <line num="411" type="stmt" count="1"/>
      <line num="418" type="method" name="refresh" visibility="public" complexity="2" crap="2" count="2"/>
      <line num="421" type="stmt" count="2"/>
      <line num="422" type="stmt" count="1"/>
      <line num="423" type="stmt" count="1"/>
      <line num="424" type="stmt" count="1"/>
      <line num="425" type="stmt" count="1"/>
      <line num="426" type="stmt" count="1"/>
      <line num="429" type="stmt" count="1"/>
      <line num="431" type="stmt" count="1"/>
      <line num="433" type="stmt" count="1"/>
      <line num="445" type="method" name="executeQuery" visibility="protected" complexity="2" crap="6" count="0"/>
      <line num="447" type="stmt" count="0"/>
      <line num="450" type="stmt" count="0"/>
      <line num="451" type="stmt" count="0"/>
      <line num="452" type="stmt" count="0"/>
      <line num="453" type="stmt" count="0"/>
      <line num="454" type="stmt" count="0"/>
      <line num="455" type="stmt" count="0"/>
      <line num="458" type="stmt" count="0"/>
      <line num="460" type="stmt" count="0"/>
      <line num="476" type="method" name="getSingleResultOrNull" visibility="protected" complexity="2" crap="6" count="0"/>
      <line num="478" type="stmt" count="0"/>
      <line num="481" type="stmt" count="0"/>
      <line num="482" type="stmt" count="0"/>
      <line num="483" type="stmt" count="0"/>
      <line num="484" type="stmt" count="0"/>
      <line num="485" type="stmt" count="0"/>
      <line num="486" type="stmt" count="0"/>
      <line num="489" type="stmt" count="0"/>
      <line num="491" type="stmt" count="0"/>
      <line num="506" type="method" name="getSingleArrayResultOrNull" visibility="protected" complexity="1" crap="2" count="0"/>
      <line num="508" type="stmt" count="0"/>
      <line num="509" type="stmt" count="0"/>
      <line num="511" type="stmt" count="0"/>
      <line num="515" type="stmt" count="0"/>
      <line num="527" type="method" name="resolveQuery" visibility="private" complexity="3" crap="12" count="0"/>
      <line num="529" type="stmt" count="0"/>
      <line num="530" type="stmt" count="0"/>
      <line num="533" type="stmt" count="0"/>
      <line num="534" type="stmt" count="0"/>
      <line num="535" type="stmt" count="0"/>
      <line num="536" type="stmt" count="0"/>
      <line num="537" type="stmt" count="0"/>
      <line num="538" type="stmt" count="0"/>
      <line num="539" type="stmt" count="0"/>
      <line num="540" type="stmt" count="0"/>
      <line num="545" type="stmt" count="0"/>
      <metrics loc="547" ncloc="391" classes="1" methods="16" coveredmethods="10" conditionals="0" coveredconditionals="0" statements="174" coveredstatements="81" elements="190" coveredelements="91"/>
    </file>
    <file name="/home/alexp/www/repositories/alex-patterson-webdev/doctrine-entity-repository/src/Constant/CascadeMode.php">
      <class name="Arp\DoctrineEntityRepository\Constant\CascadeMode" namespace="global">
        <metrics complexity="0" methods="0" coveredmethods="0" conditionals="0" coveredconditionals="0" statements="0" coveredstatements="0" elements="0" coveredelements="0"/>
      </class>
      <metrics loc="17" ncloc="13" classes="0" methods="0" coveredmethods="0" conditionals="0" coveredconditionals="0" statements="0" coveredstatements="0" elements="0" coveredelements="0"/>
    </file>
    <file name="/home/alexp/www/repositories/alex-patterson-webdev/doctrine-entity-repository/src/Constant/ClearMode.php">
      <class name="Arp\DoctrineEntityRepository\Constant\ClearMode" namespace="global">
        <metrics complexity="0" methods="0" coveredmethods="0" conditionals="0" coveredconditionals="0" statements="0" coveredstatements="0" elements="0" coveredelements="0"/>
      </class>
      <metrics loc="15" ncloc="11" classes="0" methods="0" coveredmethods="0" conditionals="0" coveredconditionals="0" statements="0" coveredstatements="0" elements="0" coveredelements="0"/>
    </file>
    <file name="/home/alexp/www/repositories/alex-patterson-webdev/doctrine-entity-repository/src/Constant/DateCreateMode.php">
      <class name="Arp\DoctrineEntityRepository\Constant\DateCreateMode" namespace="global">
        <metrics complexity="0" methods="0" coveredmethods="0" conditionals="0" coveredconditionals="0" statements="0" coveredstatements="0" elements="0" coveredelements="0"/>
      </class>
      <metrics loc="15" ncloc="11" classes="0" methods="0" coveredmethods="0" conditionals="0" coveredconditionals="0" statements="0" coveredstatements="0" elements="0" coveredelements="0"/>
    </file>
    <file name="/home/alexp/www/repositories/alex-patterson-webdev/doctrine-entity-repository/src/Constant/DateDeleteMode.php">
      <class name="Arp\DoctrineEntityRepository\Constant\DateDeleteMode" namespace="global">
        <metrics complexity="0" methods="0" coveredmethods="0" conditionals="0" coveredconditionals="0" statements="0" coveredstatements="0" elements="0" coveredelements="0"/>
      </class>
      <metrics loc="15" ncloc="11" classes="0" methods="0" coveredmethods="0" conditionals="0" coveredconditionals="0" statements="0" coveredstatements="0" elements="0" coveredelements="0"/>
    </file>
    <file name="/home/alexp/www/repositories/alex-patterson-webdev/doctrine-entity-repository/src/Constant/DateUpdateMode.php">
      <class name="Arp\DoctrineEntityRepository\Constant\DateUpdateMode" namespace="global">
        <metrics complexity="0" methods="0" coveredmethods="0" conditionals="0" coveredconditionals="0" statements="0" coveredstatements="0" elements="0" coveredelements="0"/>
      </class>
      <metrics loc="15" ncloc="11" classes="0" methods="0" coveredmethods="0" conditionals="0" coveredconditionals="0" statements="0" coveredstatements="0" elements="0" coveredelements="0"/>
    </file>
    <file name="/home/alexp/www/repositories/alex-patterson-webdev/doctrine-entity-repository/src/Constant/DeleteMode.php">
      <class name="Arp\DoctrineEntityRepository\Constant\DeleteMode" namespace="global">
        <metrics complexity="0" methods="0" coveredmethods="0" conditionals="0" coveredconditionals="0" statements="0" coveredstatements="0" elements="0" coveredelements="0"/>
      </class>
      <metrics loc="15" ncloc="11" classes="0" methods="0" coveredmethods="0" conditionals="0" coveredconditionals="0" statements="0" coveredstatements="0" elements="0" coveredelements="0"/>
    </file>
    <file name="/home/alexp/www/repositories/alex-patterson-webdev/doctrine-entity-repository/src/Constant/EntityEventName.php">
      <class name="Arp\DoctrineEntityRepository\Constant\EntityEventName" namespace="global">
        <metrics complexity="0" methods="0" coveredmethods="0" conditionals="0" coveredconditionals="0" statements="0" coveredstatements="0" elements="0" coveredelements="0"/>
      </class>
      <metrics loc="21" ncloc="17" classes="0" methods="0" coveredmethods="0" conditionals="0" coveredconditionals="0" statements="0" coveredstatements="0" elements="0" coveredelements="0"/>
    </file>
    <file name="/home/alexp/www/repositories/alex-patterson-webdev/doctrine-entity-repository/src/Constant/EntityEventOption.php">
      <class name="Arp\DoctrineEntityRepository\Constant\EntityEventOption" namespace="global">
        <metrics complexity="0" methods="0" coveredmethods="0" conditionals="0" coveredconditionals="0" statements="0" coveredstatements="0" elements="0" coveredelements="0"/>
      </class>
      <metrics loc="26" ncloc="22" classes="0" methods="0" coveredmethods="0" conditionals="0" coveredconditionals="0" statements="0" coveredstatements="0" elements="0" coveredelements="0"/>
    </file>
    <file name="/home/alexp/www/repositories/alex-patterson-webdev/doctrine-entity-repository/src/Constant/FlushMode.php">
      <class name="Arp\DoctrineEntityRepository\Constant\FlushMode" namespace="global">
        <metrics complexity="0" methods="0" coveredmethods="0" conditionals="0" coveredconditionals="0" statements="0" coveredstatements="0" elements="0" coveredelements="0"/>
      </class>
      <metrics loc="15" ncloc="11" classes="0" methods="0" coveredmethods="0" conditionals="0" coveredconditionals="0" statements="0" coveredstatements="0" elements="0" coveredelements="0"/>
    </file>
    <file name="/home/alexp/www/repositories/alex-patterson-webdev/doctrine-entity-repository/src/Constant/HydrateMode.php">
      <class name="Arp\DoctrineEntityRepository\Constant\HydrateMode" namespace="global">
        <metrics complexity="0" methods="0" coveredmethods="0" conditionals="0" coveredconditionals="0" statements="0" coveredstatements="0" elements="0" coveredelements="0"/>
      </class>
      <metrics loc="22" ncloc="16" classes="0" methods="0" coveredmethods="0" conditionals="0" coveredconditionals="0" statements="0" coveredstatements="0" elements="0" coveredelements="0"/>
    </file>
    <file name="/home/alexp/www/repositories/alex-patterson-webdev/doctrine-entity-repository/src/Constant/PersistMode.php">
      <class name="Arp\DoctrineEntityRepository\Constant\PersistMode" namespace="global">
        <metrics complexity="0" methods="0" coveredmethods="0" conditionals="0" coveredconditionals="0" statements="0" coveredstatements="0" elements="0" coveredelements="0"/>
      </class>
      <metrics loc="15" ncloc="11" classes="0" methods="0" coveredmethods="0" conditionals="0" coveredconditionals="0" statements="0" coveredstatements="0" elements="0" coveredelements="0"/>
    </file>
    <file name="/home/alexp/www/repositories/alex-patterson-webdev/doctrine-entity-repository/src/Constant/PersistServiceOption.php">
      <class name="Arp\DoctrineEntityRepository\Constant\PersistServiceOption" namespace="global">
        <metrics complexity="0" methods="0" coveredmethods="0" conditionals="0" coveredconditionals="0" statements="0" coveredstatements="0" elements="0" coveredelements="0"/>
      </class>
      <metrics loc="14" ncloc="10" classes="0" methods="0" coveredmethods="0" conditionals="0" coveredconditionals="0" statements="0" coveredstatements="0" elements="0" coveredelements="0"/>
    </file>
    <file name="/home/alexp/www/repositories/alex-patterson-webdev/doctrine-entity-repository/src/Constant/QueryServiceOption.php">
      <class name="Arp\DoctrineEntityRepository\Constant\QueryServiceOption" namespace="global">
        <metrics complexity="0" methods="0" coveredmethods="0" conditionals="0" coveredconditionals="0" statements="0" coveredstatements="0" elements="0" coveredelements="0"/>
      </class>
      <metrics loc="25" ncloc="21" classes="0" methods="0" coveredmethods="0" conditionals="0" coveredconditionals="0" statements="0" coveredstatements="0" elements="0" coveredelements="0"/>
    </file>
    <file name="/home/alexp/www/repositories/alex-patterson-webdev/doctrine-entity-repository/src/Constant/TransactionMode.php">
      <class name="Arp\DoctrineEntityRepository\Constant\TransactionMode" namespace="global">
        <metrics complexity="0" methods="0" coveredmethods="0" conditionals="0" coveredconditionals="0" statements="0" coveredstatements="0" elements="0" coveredelements="0"/>
      </class>
      <metrics loc="15" ncloc="11" classes="0" methods="0" coveredmethods="0" conditionals="0" coveredconditionals="0" statements="0" coveredstatements="0" elements="0" coveredelements="0"/>
    </file>
    <file name="/home/alexp/www/repositories/alex-patterson-webdev/doctrine-entity-repository/src/EntityRepository.php">
      <class name="Arp\DoctrineEntityRepository\EntityRepository" namespace="global">
        <metrics complexity="0" methods="0" coveredmethods="0" conditionals="0" coveredconditionals="0" statements="0" coveredstatements="0" elements="0" coveredelements="0"/>
      </class>
      <metrics loc="14" ncloc="10" classes="0" methods="0" coveredmethods="0" conditionals="0" coveredconditionals="0" statements="0" coveredstatements="0" elements="0" coveredelements="0"/>
    </file>
    <file name="/home/alexp/www/repositories/alex-patterson-webdev/doctrine-entity-repository/src/EntityRepositoryInterface.php">
      <metrics loc="76" ncloc="24" classes="0" methods="0" coveredmethods="0" conditionals="0" coveredconditionals="0" statements="0" coveredstatements="0" elements="0" coveredelements="0"/>
    </file>
    <file name="/home/alexp/www/repositories/alex-patterson-webdev/doctrine-entity-repository/src/EntityRepositoryProviderInterface.php">
      <metrics loc="29" ncloc="12" classes="0" methods="0" coveredmethods="0" conditionals="0" coveredconditionals="0" statements="0" coveredstatements="0" elements="0" coveredelements="0"/>
    </file>
    <file name="/home/alexp/www/repositories/alex-patterson-webdev/doctrine-entity-repository/src/Exception/EntityNotFoundException.php">
      <class name="Arp\DoctrineEntityRepository\Exception\EntityNotFoundException" namespace="global">
        <metrics complexity="0" methods="0" coveredmethods="0" conditionals="0" coveredconditionals="0" statements="0" coveredstatements="0" elements="0" coveredelements="0"/>
      </class>
      <metrics loc="14" ncloc="10" classes="0" methods="0" coveredmethods="0" conditionals="0" coveredconditionals="0" statements="0" coveredstatements="0" elements="0" coveredelements="0"/>
    </file>
    <file name="/home/alexp/www/repositories/alex-patterson-webdev/doctrine-entity-repository/src/Exception/EntityRepositoryException.php">
      <class name="Arp\DoctrineEntityRepository\Exception\EntityRepositoryException" namespace="global">
        <metrics complexity="0" methods="0" coveredmethods="0" conditionals="0" coveredconditionals="0" statements="0" coveredstatements="0" elements="0" coveredelements="0"/>
      </class>
      <metrics loc="14" ncloc="10" classes="0" methods="0" coveredmethods="0" conditionals="0" coveredconditionals="0" statements="0" coveredstatements="0" elements="0" coveredelements="0"/>
    </file>
    <file name="/home/alexp/www/repositories/alex-patterson-webdev/doctrine-entity-repository/src/Persistence/AbstractCascadeService.php">
      <class name="Arp\DoctrineEntityRepository\Persistence\AbstractCascadeService" namespace="global">
        <metrics complexity="15" methods="5" coveredmethods="5" conditionals="0" coveredconditionals="0" statements="52" coveredstatements="52" elements="57" coveredelements="57"/>
      </class>
      <line num="40" type="method" name="__construct" visibility="public" complexity="1" crap="1" count="7"/>
      <line num="42" type="stmt" count="7"/>
      <line num="43" type="stmt" count="7"/>
      <line num="44" type="stmt" count="7"/>
      <line num="45" type="stmt" count="7"/>
      <line num="57" type="method" name="getTargetRepository" visibility="protected" complexity="5" crap="5" count="4"/>
      <line num="63" type="stmt" count="4"/>
      <line num="64" type="stmt" count="1"/>
      <line num="65" type="stmt" count="1"/>
      <line num="66" type="stmt" count="1"/>
      <line num="68" type="stmt" count="1"/>
      <line num="70" type="stmt" count="1"/>
      <line num="72" type="stmt" count="1"/>
      <line num="75" type="stmt" count="3"/>
      <line num="76" type="stmt" count="1"/>
      <line num="77" type="stmt" count="1"/>
      <line num="78" type="stmt" count="1"/>
      <line num="79" type="stmt" count="1"/>
      <line num="80" type="stmt" count="1"/>
      <line num="81" type="stmt" count="1"/>
      <line num="83" type="stmt" count="1"/>
      <line num="85" type="stmt" count="1"/>
      <line num="88" type="stmt" count="2"/>
      <line num="101" type="method" name="resolveTargetEntityOrCollection" visibility="protected" complexity="3" crap="3" count="5"/>
      <line num="107" type="stmt" count="5"/>
      <line num="109" type="stmt" count="5"/>
      <line num="110" type="stmt" count="1"/>
      <line num="111" type="stmt" count="1"/>
      <line num="112" type="stmt" count="1"/>
      <line num="113" type="stmt" count="1"/>
      <line num="116" type="stmt" count="1"/>
      <line num="119" type="stmt" count="1"/>
      <line num="121" type="stmt" count="1"/>
      <line num="125" type="stmt" count="4"/>
      <line num="126" type="stmt" count="1"/>
      <line num="127" type="stmt" count="1"/>
      <line num="128" type="stmt" count="1"/>
      <line num="129" type="stmt" count="1"/>
      <line num="130" type="stmt" count="1"/>
      <line num="132" type="stmt" count="1"/>
      <line num="134" type="stmt" count="1"/>
      <line num="136" type="stmt" count="1"/>
      <line num="139" type="stmt" count="3"/>
      <line num="148" type="method" name="isValidAssociation" visibility="protected" complexity="4" crap="4" count="2"/>
      <line num="150" type="stmt" count="2"/>
      <line num="157" type="stmt" count="1"/>
      <line num="158" type="stmt" count="1"/>
      <line num="159" type="stmt" count="1"/>
      <line num="162" type="stmt" count="1"/>
      <line num="173" type="method" name="getClassMetadata" visibility="protected" complexity="2" crap="2" count="2"/>
      <line num="176" type="stmt" count="2"/>
      <line num="177" type="stmt" count="1"/>
      <line num="178" type="stmt" count="1"/>
      <line num="179" type="stmt" count="1"/>
      <line num="181" type="stmt" count="1"/>
      <line num="183" type="stmt" count="1"/>
      <line num="185" type="stmt" count="1"/>
      <metrics loc="188" ncloc="136" classes="1" methods="5" coveredmethods="5" conditionals="0" coveredconditionals="0" statements="52" coveredstatements="52" elements="57" coveredelements="57"/>
    </file>
    <file name="/home/alexp/www/repositories/alex-patterson-webdev/doctrine-entity-repository/src/Persistence/CascadeDeleteService.php">
      <class name="Arp\DoctrineEntityRepository\Persistence\CascadeDeleteService" namespace="global">
        <metrics complexity="10" methods="2" coveredmethods="0" conditionals="0" coveredconditionals="0" statements="48" coveredstatements="0" elements="50" coveredelements="0"/>
      </class>
      <line num="28" type="method" name="deleteAssociations" visibility="public" complexity="6" crap="42" count="0"/>
      <line num="35" type="stmt" count="0"/>
      <line num="36" type="stmt" count="0"/>
      <line num="38" type="stmt" count="0"/>
      <line num="39" type="stmt" count="0"/>
      <line num="41" type="stmt" count="0"/>
      <line num="42" type="stmt" count="0"/>
      <line num="45" type="stmt" count="0"/>
      <line num="48" type="stmt" count="0"/>
      <line num="49" type="stmt" count="0"/>
      <line num="50" type="stmt" count="0"/>
      <line num="51" type="stmt" count="0"/>
      <line num="53" type="stmt" count="0"/>
      <line num="56" type="stmt" count="0"/>
      <line num="59" type="stmt" count="0"/>
      <line num="60" type="stmt" count="0"/>
      <line num="61" type="stmt" count="0"/>
      <line num="63" type="stmt" count="0"/>
      <line num="64" type="stmt" count="0"/>
      <line num="68" type="stmt" count="0"/>
      <line num="69" type="stmt" count="0"/>
      <line num="70" type="stmt" count="0"/>
      <line num="72" type="stmt" count="0"/>
      <line num="75" type="stmt" count="0"/>
      <line num="76" type="stmt" count="0"/>
      <line num="77" type="stmt" count="0"/>
      <line num="79" type="stmt" count="0"/>
      <line num="82" type="stmt" count="0"/>
      <line num="84" type="stmt" count="0"/>
      <line num="87" type="stmt" count="0"/>
      <line num="88" type="stmt" count="0"/>
      <line num="89" type="stmt" count="0"/>
      <line num="91" type="stmt" count="0"/>
      <line num="95" type="stmt" count="0"/>
      <line num="96" type="stmt" count="0"/>
      <line num="97" type="stmt" count="0"/>
      <line num="99" type="stmt" count="0"/>
      <line num="102" type="stmt" count="0"/>
      <line num="113" type="method" name="deleteAssociation" visibility="public" complexity="4" crap="20" count="0"/>
      <line num="119" type="stmt" count="0"/>
      <line num="121" type="stmt" count="0"/>
      <line num="122" type="stmt" count="0"/>
      <line num="123" type="stmt" count="0"/>
      <line num="124" type="stmt" count="0"/>
      <line num="126" type="stmt" count="0"/>
      <line num="127" type="stmt" count="0"/>
      <line num="129" type="stmt" count="0"/>
      <line num="132" type="stmt" count="0"/>
      <line num="134" type="stmt" count="0"/>
      <line num="136" type="stmt" count="0"/>
      <metrics loc="137" ncloc="114" classes="1" methods="2" coveredmethods="0" conditionals="0" coveredconditionals="0" statements="48" coveredstatements="0" elements="50" coveredelements="0"/>
    </file>
    <file name="/home/alexp/www/repositories/alex-patterson-webdev/doctrine-entity-repository/src/Persistence/CascadeSaveService.php">
      <class name="Arp\DoctrineEntityRepository\Persistence\CascadeSaveService" namespace="global">
        <metrics complexity="10" methods="2" coveredmethods="2" conditionals="0" coveredconditionals="0" statements="47" coveredstatements="47" elements="49" coveredelements="49"/>
      </class>
      <line num="28" type="method" name="saveAssociations" visibility="public" complexity="6" crap="6" count="13"/>
      <line num="35" type="stmt" count="13"/>
      <line num="36" type="stmt" count="13"/>
      <line num="38" type="stmt" count="13"/>
      <line num="39" type="stmt" count="12"/>
      <line num="41" type="stmt" count="12"/>
      <line num="42" type="stmt" count="12"/>
      <line num="45" type="stmt" count="12"/>
      <line num="48" type="stmt" count="12"/>
      <line num="49" type="stmt" count="12"/>
      <line num="50" type="stmt" count="12"/>
      <line num="51" type="stmt" count="12"/>
      <line num="53" type="stmt" count="12"/>
      <line num="56" type="stmt" count="5"/>
      <line num="59" type="stmt" count="7"/>
      <line num="60" type="stmt" count="7"/>
      <line num="61" type="stmt" count="7"/>
      <line num="63" type="stmt" count="7"/>
      <line num="64" type="stmt" count="7"/>
      <line num="68" type="stmt" count="7"/>
      <line num="69" type="stmt" count="7"/>
      <line num="70" type="stmt" count="7"/>
      <line num="72" type="stmt" count="7"/>
      <line num="75" type="stmt" count="5"/>
      <line num="76" type="stmt" count="2"/>
      <line num="77" type="stmt" count="2"/>
      <line num="79" type="stmt" count="2"/>
      <line num="82" type="stmt" count="2"/>
      <line num="84" type="stmt" count="2"/>
      <line num="87" type="stmt" count="3"/>
      <line num="88" type="stmt" count="3"/>
      <line num="89" type="stmt" count="3"/>
      <line num="91" type="stmt" count="3"/>
      <line num="95" type="stmt" count="3"/>
      <line num="96" type="stmt" count="3"/>
      <line num="97" type="stmt" count="3"/>
      <line num="99" type="stmt" count="3"/>
      <line num="102" type="stmt" count="8"/>
      <line num="113" type="method" name="saveAssociation" visibility="public" complexity="4" crap="4" count="5"/>
      <line num="119" type="stmt" count="5"/>
      <line num="120" type="stmt" count="3"/>
      <line num="121" type="stmt" count="2"/>
      <line num="122" type="stmt" count="1"/>
      <line num="124" type="stmt" count="1"/>
      <line num="125" type="stmt" count="1"/>
      <line num="127" type="stmt" count="1"/>
      <line num="130" type="stmt" count="1"/>
      <line num="132" type="stmt" count="1"/>
      <line num="134" type="stmt" count="2"/>
      <metrics loc="135" ncloc="112" classes="1" methods="2" coveredmethods="2" conditionals="0" coveredconditionals="0" statements="47" coveredstatements="47" elements="49" coveredelements="49"/>
    </file>
    <file name="/home/alexp/www/repositories/alex-patterson-webdev/doctrine-entity-repository/src/Persistence/EntityDiffService.php">
      <class name="Arp\DoctrineEntityRepository\Persistence\EntityDiffService" namespace="global">
        <metrics complexity="1" methods="1" coveredmethods="0" conditionals="0" coveredconditionals="0" statements="1" coveredstatements="0" elements="2" coveredelements="0"/>
      </class>
      <line num="22" type="method" name="calculateChangeSet" visibility="public" complexity="1" crap="2" count="0"/>
      <line num="24" type="stmt" count="0"/>
      <metrics loc="26" ncloc="16" classes="1" methods="1" coveredmethods="0" conditionals="0" coveredconditionals="0" statements="1" coveredstatements="0" elements="2" coveredelements="0"/>
    </file>
    <file name="/home/alexp/www/repositories/alex-patterson-webdev/doctrine-entity-repository/src/Persistence/Event/AbstractEntityEvent.php">
      <class name="Arp\DoctrineEntityRepository\Persistence\Event\AbstractEntityEvent" namespace="global">
        <metrics complexity="3" methods="3" coveredmethods="3" conditionals="0" coveredconditionals="0" statements="6" coveredstatements="6" elements="9" coveredelements="9"/>
      </class>
      <line num="32" type="method" name="__construct" visibility="public" complexity="1" crap="1" count="1"/>
      <line num="38" type="stmt" count="1"/>
      <line num="40" type="stmt" count="1"/>
      <line num="41" type="stmt" count="1"/>
      <line num="42" type="stmt" count="1"/>
      <line num="47" type="method" name="getEntityName" visibility="public" complexity="1" crap="1" count="1"/>
      <line num="49" type="stmt" count="1"/>
      <line num="55" type="method" name="getEntityManager" visibility="public" complexity="1" crap="1" count="1"/>
      <line num="57" type="stmt" count="1"/>
      <metrics loc="59" ncloc="37" classes="1" methods="3" coveredmethods="3" conditionals="0" coveredconditionals="0" statements="6" coveredstatements="6" elements="9" coveredelements="9"/>
    </file>
    <file name="/home/alexp/www/repositories/alex-patterson-webdev/doctrine-entity-repository/src/Persistence/Event/EntityErrorEvent.php">
      <class name="Arp\DoctrineEntityRepository\Persistence\Event\EntityErrorEvent" namespace="global">
        <metrics complexity="3" methods="3" coveredmethods="0" conditionals="0" coveredconditionals="0" statements="6" coveredstatements="0" elements="9" coveredelements="0"/>
      </class>
      <line num="27" type="method" name="__construct" visibility="public" complexity="1" crap="2" count="0"/>
      <line num="34" type="stmt" count="0"/>
      <line num="36" type="stmt" count="0"/>
      <line num="37" type="stmt" count="0"/>
      <line num="42" type="method" name="getException" visibility="public" complexity="1" crap="2" count="0"/>
      <line num="44" type="stmt" count="0"/>
      <line num="50" type="method" name="setException" visibility="public" complexity="1" crap="2" count="0"/>
      <line num="52" type="stmt" count="0"/>
      <line num="53" type="stmt" count="0"/>
      <metrics loc="54" ncloc="34" classes="1" methods="3" coveredmethods="0" conditionals="0" coveredconditionals="0" statements="6" coveredstatements="0" elements="9" coveredelements="0"/>
    </file>
    <file name="/home/alexp/www/repositories/alex-patterson-webdev/doctrine-entity-repository/src/Persistence/Event/EntityEvent.php">
      <class name="Arp\DoctrineEntityRepository\Persistence\Event\EntityEvent" namespace="global">
        <metrics complexity="3" methods="3" coveredmethods="3" conditionals="0" coveredconditionals="0" statements="4" coveredstatements="4" elements="7" coveredelements="7"/>
      </class>
      <line num="23" type="method" name="hasEntity" visibility="public" complexity="1" crap="1" count="2"/>
      <line num="25" type="stmt" count="2"/>
      <line num="31" type="method" name="getEntity" visibility="public" complexity="1" crap="1" count="1"/>
      <line num="33" type="stmt" count="1"/>
      <line num="39" type="method" name="setEntity" visibility="public" complexity="1" crap="1" count="1"/>
      <line num="41" type="stmt" count="1"/>
      <line num="42" type="stmt" count="1"/>
      <metrics loc="43" ncloc="27" classes="1" methods="3" coveredmethods="3" conditionals="0" coveredconditionals="0" statements="4" coveredstatements="4" elements="7" coveredelements="7"/>
    </file>
    <file name="/home/alexp/www/repositories/alex-patterson-webdev/doctrine-entity-repository/src/Persistence/Event/Listener/AbstractDateTimeListener.php">
      <class name="Arp\DoctrineEntityRepository\Persistence\Event\Listener\AbstractDateTimeListener" namespace="global">
        <metrics complexity="3" methods="2" coveredmethods="2" conditionals="0" coveredconditionals="0" statements="10" coveredstatements="10" elements="12" coveredelements="12"/>
      </class>
      <line num="32" type="method" name="__construct" visibility="public" complexity="1" crap="1" count="3"/>
      <line num="34" type="stmt" count="3"/>
      <line num="35" type="stmt" count="3"/>
      <line num="36" type="stmt" count="3"/>
      <line num="45" type="method" name="createDateTime" visibility="protected" complexity="2" crap="2" count="6"/>
      <line num="48" type="stmt" count="6"/>
      <line num="49" type="stmt" count="3"/>
      <line num="50" type="stmt" count="3"/>
      <line num="51" type="stmt" count="3"/>
      <line num="53" type="stmt" count="3"/>
      <line num="56" type="stmt" count="3"/>
      <line num="58" type="stmt" count="3"/>
      <metrics loc="61" ncloc="40" classes="1" methods="2" coveredmethods="2" conditionals="0" coveredconditionals="0" statements="10" coveredstatements="10" elements="12" coveredelements="12"/>
    </file>
    <file name="/home/alexp/www/repositories/alex-patterson-webdev/doctrine-entity-repository/src/Persistence/Event/Listener/CascadeDeleteListener.php">
      <class name="Arp\DoctrineEntityRepository\Persistence\Event\Listener\CascadeDeleteListener" namespace="global">
        <metrics complexity="5" methods="2" coveredmethods="2" conditionals="0" coveredconditionals="0" statements="22" coveredstatements="22" elements="24" coveredelements="24"/>
      </class>
      <line num="35" type="method" name="__construct" visibility="public" complexity="1" crap="1" count="2"/>
      <line num="37" type="stmt" count="2"/>
      <line num="38" type="stmt" count="2"/>
      <line num="39" type="stmt" count="2"/>
      <line num="47" type="method" name="__invoke" visibility="public" complexity="4" crap="4" count="5"/>
      <line num="49" type="stmt" count="5"/>
      <line num="51" type="stmt" count="5"/>
      <line num="52" type="stmt" count="1"/>
      <line num="53" type="stmt" count="1"/>
      <line num="55" type="stmt" count="1"/>
      <line num="58" type="stmt" count="4"/>
      <line num="59" type="stmt" count="4"/>
      <line num="61" type="stmt" count="4"/>
      <line num="63" type="stmt" count="4"/>
      <line num="64" type="stmt" count="1"/>
      <line num="65" type="stmt" count="1"/>
      <line num="66" type="stmt" count="1"/>
      <line num="71" type="stmt" count="1"/>
      <line num="74" type="stmt" count="3"/>
      <line num="76" type="stmt" count="3"/>
      <line num="77" type="stmt" count="3"/>
      <line num="79" type="stmt" count="3"/>
      <line num="80" type="stmt" count="3"/>
      <line num="86" type="stmt" count="3"/>
      <metrics loc="87" ncloc="67" classes="1" methods="2" coveredmethods="2" conditionals="0" coveredconditionals="0" statements="22" coveredstatements="22" elements="24" coveredelements="24"/>
    </file>
    <file name="/home/alexp/www/repositories/alex-patterson-webdev/doctrine-entity-repository/src/Persistence/Event/Listener/CascadeSaveListener.php">
      <class name="Arp\DoctrineEntityRepository\Persistence\Event\Listener\CascadeSaveListener" namespace="global">
        <metrics complexity="6" methods="2" coveredmethods="2" conditionals="0" coveredconditionals="0" statements="21" coveredstatements="21" elements="23" coveredelements="23"/>
      </class>
      <line num="36" type="method" name="__construct" visibility="public" complexity="1" crap="1" count="3"/>
      <line num="38" type="stmt" count="3"/>
      <line num="39" type="stmt" count="3"/>
      <line num="40" type="stmt" count="3"/>
      <line num="50" type="method" name="__invoke" visibility="public" complexity="5" crap="5" count="6"/>
      <line num="52" type="stmt" count="6"/>
      <line num="54" type="stmt" count="6"/>
      <line num="55" type="stmt" count="2"/>
      <line num="58" type="stmt" count="4"/>
      <line num="59" type="stmt" count="4"/>
      <line num="61" type="stmt" count="4"/>
      <line num="63" type="stmt" count="4"/>
      <line num="64" type="stmt" count="1"/>
      <line num="65" type="stmt" count="1"/>
      <line num="66" type="stmt" count="1"/>
      <line num="71" type="stmt" count="1"/>
      <line num="74" type="stmt" count="3"/>
      <line num="75" type="stmt" count="3"/>
      <line num="78" type="stmt" count="3"/>
      <line num="79" type="stmt" count="3"/>
      <line num="81" type="stmt" count="3"/>
      <line num="82" type="stmt" count="3"/>
      <line num="88" type="stmt" count="3"/>
      <metrics loc="89" ncloc="67" classes="1" methods="2" coveredmethods="2" conditionals="0" coveredconditionals="0" statements="21" coveredstatements="21" elements="23" coveredelements="23"/>
    </file>
    <file name="/home/alexp/www/repositories/alex-patterson-webdev/doctrine-entity-repository/src/Persistence/Event/Listener/ClearListener.php">
      <class name="Arp\DoctrineEntityRepository\Persistence\Event\Listener\ClearListener" namespace="global">
        <metrics complexity="3" methods="2" coveredmethods="2" conditionals="0" coveredconditionals="0" statements="16" coveredstatements="16" elements="18" coveredelements="18"/>
      </class>
      <line num="26" type="method" name="__construct" visibility="public" complexity="1" crap="1" count="1"/>
      <line num="28" type="stmt" count="1"/>
      <line num="29" type="stmt" count="1"/>
      <line num="36" type="method" name="__invoke" visibility="public" complexity="2" crap="2" count="2"/>
      <line num="38" type="stmt" count="2"/>
      <line num="40" type="stmt" count="2"/>
      <line num="41" type="stmt" count="1"/>
      <line num="42" type="stmt" count="1"/>
      <line num="43" type="stmt" count="1"/>
      <line num="44" type="stmt" count="1"/>
      <line num="47" type="stmt" count="1"/>
      <line num="50" type="stmt" count="1"/>
      <line num="51" type="stmt" count="1"/>
      <line num="52" type="stmt" count="1"/>
      <line num="53" type="stmt" count="1"/>
      <line num="57" type="stmt" count="1"/>
      <line num="58" type="stmt" count="1"/>
      <line num="59" type="stmt" count="1"/>
      <metrics loc="60" ncloc="45" classes="1" methods="2" coveredmethods="2" conditionals="0" coveredconditionals="0" statements="16" coveredstatements="16" elements="18" coveredelements="18"/>
    </file>
    <file name="/home/alexp/www/repositories/alex-patterson-webdev/doctrine-entity-repository/src/Persistence/Event/Listener/CollectionListener.php">
      <class name="Arp\DoctrineEntityRepository\Persistence\Event\Listener\CollectionListener" namespace="global">
        <metrics complexity="6" methods="2" coveredmethods="0" conditionals="0" coveredconditionals="0" statements="8" coveredstatements="0" elements="10" coveredelements="0"/>
      </class>
      <line num="34" type="method" name="__construct" visibility="public" complexity="1" crap="2" count="0"/>
      <line num="36" type="stmt" count="0"/>
      <line num="37" type="stmt" count="0"/>
      <line num="47" type="method" name="__invoke" visibility="public" complexity="5" crap="30" count="0"/>
      <line num="49" type="stmt" count="0"/>
      <line num="58" type="stmt" count="0"/>
      <line num="59" type="stmt" count="0"/>
      <line num="60" type="stmt" count="0"/>
      <line num="69" type="stmt" count="0"/>
      <line num="78" type="stmt" count="0"/>
      <metrics loc="81" ncloc="57" classes="1" methods="2" coveredmethods="0" conditionals="0" coveredconditionals="0" statements="8" coveredstatements="0" elements="10" coveredelements="0"/>
    </file>
    <file name="/home/alexp/www/repositories/alex-patterson-webdev/doctrine-entity-repository/src/Persistence/Event/Listener/DateCreatedListener.php">
      <class name="Arp\DoctrineEntityRepository\Persistence\Event\Listener\DateCreatedListener" namespace="global">
        <metrics complexity="4" methods="1" coveredmethods="1" conditionals="0" coveredconditionals="0" statements="23" coveredstatements="23" elements="24" coveredelements="24"/>
      </class>
      <line num="27" type="method" name="__invoke" visibility="public" complexity="4" crap="4" count="5"/>
      <line num="29" type="stmt" count="5"/>
      <line num="30" type="stmt" count="5"/>
      <line num="32" type="stmt" count="5"/>
      <line num="33" type="stmt" count="2"/>
      <line num="34" type="stmt" count="2"/>
      <line num="35" type="stmt" count="2"/>
      <line num="37" type="stmt" count="2"/>
      <line num="40" type="stmt" count="2"/>
      <line num="43" type="stmt" count="3"/>
      <line num="44" type="stmt" count="3"/>
      <line num="45" type="stmt" count="1"/>
      <line num="46" type="stmt" count="1"/>
      <line num="47" type="stmt" count="1"/>
      <line num="48" type="stmt" count="1"/>
      <line num="50" type="stmt" count="1"/>
      <line num="53" type="stmt" count="1"/>
      <line num="56" type="stmt" count="2"/>
      <line num="57" type="stmt" count="1"/>
      <line num="59" type="stmt" count="1"/>
      <line num="60" type="stmt" count="1"/>
      <line num="61" type="stmt" count="1"/>
      <line num="63" type="stmt" count="1"/>
      <line num="66" type="stmt" count="1"/>
      <metrics loc="67" ncloc="55" classes="1" methods="1" coveredmethods="1" conditionals="0" coveredconditionals="0" statements="23" coveredstatements="23" elements="24" coveredelements="24"/>
    </file>
    <file name="/home/alexp/www/repositories/alex-patterson-webdev/doctrine-entity-repository/src/Persistence/Event/Listener/DateDeletedListener.php">
      <class name="Arp\DoctrineEntityRepository\Persistence\Event\Listener\DateDeletedListener" namespace="global">
        <metrics complexity="5" methods="1" coveredmethods="0" conditionals="0" coveredconditionals="0" statements="29" coveredstatements="25" elements="30" coveredelements="25"/>
      </class>
      <line num="28" type="method" name="__invoke" visibility="public" complexity="5" crap="5.07" count="5"/>
      <line num="30" type="stmt" count="5"/>
      <line num="31" type="stmt" count="5"/>
      <line num="33" type="stmt" count="5"/>
      <line num="34" type="stmt" count="2"/>
      <line num="35" type="stmt" count="2"/>
      <line num="36" type="stmt" count="2"/>
      <line num="38" type="stmt" count="2"/>
      <line num="41" type="stmt" count="2"/>
      <line num="44" type="stmt" count="3"/>
      <line num="45" type="stmt" count="3"/>
      <line num="46" type="stmt" count="0"/>
      <line num="47" type="stmt" count="0"/>
      <line num="48" type="stmt" count="0"/>
      <line num="49" type="stmt" count="0"/>
      <line num="55" type="stmt" count="3"/>
      <line num="56" type="stmt" count="3"/>
      <line num="57" type="stmt" count="1"/>
      <line num="58" type="stmt" count="1"/>
      <line num="59" type="stmt" count="1"/>
      <line num="60" type="stmt" count="1"/>
      <line num="63" type="stmt" count="1"/>
      <line num="66" type="stmt" count="1"/>
      <line num="69" type="stmt" count="2"/>
      <line num="70" type="stmt" count="1"/>
      <line num="72" type="stmt" count="1"/>
      <line num="73" type="stmt" count="1"/>
      <line num="74" type="stmt" count="1"/>
      <line num="77" type="stmt" count="1"/>
      <line num="80" type="stmt" count="1"/>
      <metrics loc="81" ncloc="69" classes="1" methods="1" coveredmethods="0" conditionals="0" coveredconditionals="0" statements="29" coveredstatements="25" elements="30" coveredelements="25"/>
    </file>
    <file name="/home/alexp/www/repositories/alex-patterson-webdev/doctrine-entity-repository/src/Persistence/Event/Listener/DateTimeListener.php">
      <class name="Arp\DoctrineEntityRepository\Persistence\Event\Listener\DateTimeListener" namespace="global">
        <metrics complexity="2" methods="2" coveredmethods="2" conditionals="0" coveredconditionals="0" statements="8" coveredstatements="8" elements="10" coveredelements="10"/>
      </class>
      <line num="38" type="method" name="__construct" visibility="public" complexity="1" crap="1" count="1"/>
      <line num="43" type="stmt" count="1"/>
      <line num="44" type="stmt" count="1"/>
      <line num="45" type="stmt" count="1"/>
      <line num="46" type="stmt" count="1"/>
      <line num="55" type="method" name="addListeners" visibility="public" complexity="1" crap="1" count="1"/>
      <line num="57" type="stmt" count="1"/>
      <line num="58" type="stmt" count="1"/>
      <line num="59" type="stmt" count="1"/>
      <line num="60" type="stmt" count="1"/>
      <metrics loc="61" ncloc="36" classes="1" methods="2" coveredmethods="2" conditionals="0" coveredconditionals="0" statements="8" coveredstatements="8" elements="10" coveredelements="10"/>
    </file>
    <file name="/home/alexp/www/repositories/alex-patterson-webdev/doctrine-entity-repository/src/Persistence/Event/Listener/DateUpdatedListener.php">
      <class name="Arp\DoctrineEntityRepository\Persistence\Event\Listener\DateUpdatedListener" namespace="global">
        <metrics complexity="5" methods="1" coveredmethods="0" conditionals="0" coveredconditionals="0" statements="29" coveredstatements="25" elements="30" coveredelements="25"/>
      </class>
      <line num="28" type="method" name="__invoke" visibility="public" complexity="5" crap="5.07" count="5"/>
      <line num="30" type="stmt" count="5"/>
      <line num="31" type="stmt" count="5"/>
      <line num="33" type="stmt" count="5"/>
      <line num="34" type="stmt" count="2"/>
      <line num="35" type="stmt" count="2"/>
      <line num="36" type="stmt" count="2"/>
      <line num="38" type="stmt" count="2"/>
      <line num="41" type="stmt" count="2"/>
      <line num="44" type="stmt" count="3"/>
      <line num="45" type="stmt" count="3"/>
      <line num="46" type="stmt" count="0"/>
      <line num="47" type="stmt" count="0"/>
      <line num="48" type="stmt" count="0"/>
      <line num="49" type="stmt" count="0"/>
      <line num="55" type="stmt" count="3"/>
      <line num="56" type="stmt" count="3"/>
      <line num="57" type="stmt" count="1"/>
      <line num="58" type="stmt" count="1"/>
      <line num="59" type="stmt" count="1"/>
      <line num="62" type="stmt" count="1"/>
      <line num="64" type="stmt" count="1"/>
      <line num="65" type="stmt" count="1"/>
      <line num="68" type="stmt" count="2"/>
      <line num="69" type="stmt" count="1"/>
      <line num="71" type="stmt" count="1"/>
      <line num="72" type="stmt" count="1"/>
      <line num="73" type="stmt" count="1"/>
      <line num="76" type="stmt" count="1"/>
      <line num="79" type="stmt" count="1"/>
      <metrics loc="80" ncloc="68" classes="1" methods="1" coveredmethods="0" conditionals="0" coveredconditionals="0" statements="29" coveredstatements="25" elements="30" coveredelements="25"/>
    </file>
    <file name="/home/alexp/www/repositories/alex-patterson-webdev/doctrine-entity-repository/src/Persistence/Event/Listener/EntityValidationListener.php">
      <class name="Arp\DoctrineEntityRepository\Persistence\Event\Listener\EntityValidationListener" namespace="global">
        <metrics complexity="6" methods="3" coveredmethods="3" conditionals="0" coveredconditionals="0" statements="24" coveredstatements="24" elements="27" coveredelements="27"/>
      </class>
      <line num="29" type="method" name="__construct" visibility="public" complexity="1" crap="1" count="1"/>
      <line num="31" type="stmt" count="1"/>
      <line num="32" type="stmt" count="1"/>
      <line num="39" type="method" name="addListeners" visibility="public" complexity="1" crap="1" count="1"/>
      <line num="41" type="stmt" count="1"/>
      <line num="42" type="stmt" count="1"/>
      <line num="43" type="stmt" count="1"/>
      <line num="44" type="stmt" count="1"/>
      <line num="53" type="method" name="validateEntity" visibility="public" complexity="4" crap="4" count="3"/>
      <line num="55" type="stmt" count="3"/>
      <line num="56" type="stmt" count="3"/>
      <line num="57" type="stmt" count="3"/>
      <line num="59" type="stmt" count="3"/>
      <line num="60" type="stmt" count="1"/>
      <line num="61" type="stmt" count="1"/>
      <line num="66" type="stmt" count="1"/>
      <line num="68" type="stmt" count="1"/>
      <line num="71" type="stmt" count="2"/>
      <line num="72" type="stmt" count="1"/>
      <line num="73" type="stmt" count="1"/>
      <line num="74" type="stmt" count="1"/>
      <line num="79" type="stmt" count="1"/>
      <line num="81" type="stmt" count="1"/>
      <line num="84" type="stmt" count="1"/>
      <line num="85" type="stmt" count="1"/>
      <line num="86" type="stmt" count="1"/>
      <line num="91" type="stmt" count="1"/>
      <metrics loc="92" ncloc="70" classes="1" methods="3" coveredmethods="3" conditionals="0" coveredconditionals="0" statements="24" coveredstatements="24" elements="27" coveredelements="27"/>
    </file>
    <file name="/home/alexp/www/repositories/alex-patterson-webdev/doctrine-entity-repository/src/Persistence/Event/Listener/ErrorListener.php">
      <class name="Arp\DoctrineEntityRepository\Persistence\Event\Listener\ErrorListener" namespace="global">
        <metrics complexity="4" methods="3" coveredmethods="3" conditionals="0" coveredconditionals="0" statements="17" coveredstatements="17" elements="20" coveredelements="20"/>
      </class>
      <line num="29" type="method" name="__construct" visibility="public" complexity="1" crap="1" count="1"/>
      <line num="31" type="stmt" count="1"/>
      <line num="32" type="stmt" count="1"/>
      <line num="39" type="method" name="addListeners" visibility="public" complexity="1" crap="1" count="1"/>
      <line num="41" type="stmt" count="1"/>
      <line num="42" type="stmt" count="1"/>
      <line num="43" type="stmt" count="1"/>
      <line num="44" type="stmt" count="1"/>
      <line num="51" type="method" name="onError" visibility="public" complexity="2" crap="2" count="1"/>
      <line num="53" type="stmt" count="1"/>
      <line num="55" type="stmt" count="1"/>
      <line num="56" type="stmt" count="1"/>
      <line num="57" type="stmt" count="1"/>
      <line num="58" type="stmt" count="1"/>
      <line num="59" type="stmt" count="1"/>
      <line num="60" type="stmt" count="1"/>
      <line num="63" type="stmt" count="1"/>
      <line num="64" type="stmt" count="1"/>
      <line num="67" type="stmt" count="1"/>
      <line num="68" type="stmt" count="1"/>
      <metrics loc="69" ncloc="49" classes="1" methods="3" coveredmethods="3" conditionals="0" coveredconditionals="0" statements="17" coveredstatements="17" elements="20" coveredelements="20"/>
    </file>
    <file name="/home/alexp/www/repositories/alex-patterson-webdev/doctrine-entity-repository/src/Persistence/Event/Listener/FlushListener.php">
      <class name="Arp\DoctrineEntityRepository\Persistence\Event\Listener\FlushListener" namespace="global">
        <metrics complexity="3" methods="2" coveredmethods="2" conditionals="0" coveredconditionals="0" statements="12" coveredstatements="12" elements="14" coveredelements="14"/>
      </class>
      <line num="26" type="method" name="__construct" visibility="public" complexity="1" crap="1" count="1"/>
      <line num="28" type="stmt" count="1"/>
      <line num="29" type="stmt" count="1"/>
      <line num="36" type="method" name="__invoke" visibility="public" complexity="2" crap="2" count="2"/>
      <line num="38" type="stmt" count="2"/>
      <line num="39" type="stmt" count="2"/>
      <line num="41" type="stmt" count="2"/>
      <line num="42" type="stmt" count="1"/>
      <line num="43" type="stmt" count="1"/>
      <line num="44" type="stmt" count="1"/>
      <line num="49" type="stmt" count="1"/>
      <line num="52" type="stmt" count="1"/>
      <line num="53" type="stmt" count="1"/>
      <line num="54" type="stmt" count="1"/>
      <metrics loc="55" ncloc="40" classes="1" methods="2" coveredmethods="2" conditionals="0" coveredconditionals="0" statements="12" coveredstatements="12" elements="14" coveredelements="14"/>
    </file>
    <file name="/home/alexp/www/repositories/alex-patterson-webdev/doctrine-entity-repository/src/Persistence/Event/Listener/HardDeleteListener.php">
      <class name="Arp\DoctrineEntityRepository\Persistence\Event\Listener\HardDeleteListener" namespace="global">
        <metrics complexity="6" methods="2" coveredmethods="2" conditionals="0" coveredconditionals="0" statements="28" coveredstatements="28" elements="30" coveredelements="30"/>
      </class>
      <line num="28" type="method" name="__construct" visibility="public" complexity="1" crap="1" count="1"/>
      <line num="30" type="stmt" count="1"/>
      <line num="31" type="stmt" count="1"/>
      <line num="40" type="method" name="__invoke" visibility="public" complexity="5" crap="5" count="4"/>
      <line num="42" type="stmt" count="4"/>
      <line num="44" type="stmt" count="4"/>
      <line num="45" type="stmt" count="1"/>
      <line num="48" type="stmt" count="3"/>
      <line num="49" type="stmt" count="3"/>
      <line num="51" type="stmt" count="3"/>
      <line num="52" type="stmt" count="3"/>
      <line num="53" type="stmt" count="3"/>
      <line num="56" type="stmt" count="3"/>
      <line num="57" type="stmt" count="1"/>
      <line num="58" type="stmt" count="1"/>
      <line num="59" type="stmt" count="1"/>
      <line num="65" type="stmt" count="1"/>
      <line num="69" type="stmt" count="2"/>
      <line num="71" type="stmt" count="1"/>
      <line num="72" type="stmt" count="1"/>
      <line num="73" type="stmt" count="1"/>
      <line num="78" type="stmt" count="1"/>
      <line num="79" type="stmt" count="1"/>
      <line num="80" type="stmt" count="1"/>
      <line num="83" type="stmt" count="1"/>
      <line num="86" type="stmt" count="1"/>
      <line num="87" type="stmt" count="1"/>
      <line num="88" type="stmt" count="1"/>
      <line num="91" type="stmt" count="1"/>
      <line num="93" type="stmt" count="1"/>
      <metrics loc="94" ncloc="77" classes="1" methods="2" coveredmethods="2" conditionals="0" coveredconditionals="0" statements="28" coveredstatements="28" elements="30" coveredelements="30"/>
    </file>
    <file name="/home/alexp/www/repositories/alex-patterson-webdev/doctrine-entity-repository/src/Persistence/Event/Listener/PersistListener.php">
      <class name="Arp\DoctrineEntityRepository\Persistence\Event\Listener\PersistListener" namespace="global">
        <metrics complexity="4" methods="2" coveredmethods="2" conditionals="0" coveredconditionals="0" statements="22" coveredstatements="22" elements="24" coveredelements="24"/>
      </class>
      <line num="27" type="method" name="__construct" visibility="public" complexity="1" crap="1" count="1"/>
      <line num="29" type="stmt" count="1"/>
      <line num="30" type="stmt" count="1"/>
      <line num="39" type="method" name="__invoke" visibility="public" complexity="3" crap="3" count="3"/>
      <line num="41" type="stmt" count="3"/>
      <line num="42" type="stmt" count="3"/>
      <line num="44" type="stmt" count="3"/>
      <line num="45" type="stmt" count="1"/>
      <line num="46" type="stmt" count="1"/>
      <line num="50" type="stmt" count="1"/>
      <line num="52" type="stmt" count="1"/>
      <line num="55" type="stmt" count="2"/>
      <line num="57" type="stmt" count="2"/>
      <line num="58" type="stmt" count="1"/>
      <line num="59" type="stmt" count="1"/>
      <line num="60" type="stmt" count="1"/>
      <line num="64" type="stmt" count="1"/>
      <line num="66" type="stmt" count="1"/>
      <line num="69" type="stmt" count="1"/>
      <line num="70" type="stmt" count="1"/>
      <line num="71" type="stmt" count="1"/>
      <line num="75" type="stmt" count="1"/>
      <line num="78" type="stmt" count="1"/>
      <line num="79" type="stmt" count="1"/>
      <metrics loc="80" ncloc="63" classes="1" methods="2" coveredmethods="2" conditionals="0" coveredconditionals="0" statements="22" coveredstatements="22" elements="24" coveredelements="24"/>
    </file>
    <file name="/home/alexp/www/repositories/alex-patterson-webdev/doctrine-entity-repository/src/Persistence/Event/Listener/SoftDeleteListener.php">
      <class name="Arp\DoctrineEntityRepository\Persistence\Event\Listener\SoftDeleteListener" namespace="global">
        <metrics complexity="6" methods="2" coveredmethods="2" conditionals="0" coveredconditionals="0" statements="30" coveredstatements="30" elements="32" coveredelements="32"/>
      </class>
      <line num="27" type="method" name="__construct" visibility="public" complexity="1" crap="1" count="1"/>
      <line num="29" type="stmt" count="1"/>
      <line num="30" type="stmt" count="1"/>
      <line num="35" type="method" name="__invoke" visibility="public" complexity="5" crap="5" count="6"/>
      <line num="37" type="stmt" count="6"/>
      <line num="38" type="stmt" count="6"/>
      <line num="40" type="stmt" count="6"/>
      <line num="41" type="stmt" count="2"/>
      <line num="42" type="stmt" count="2"/>
      <line num="43" type="stmt" count="2"/>
      <line num="44" type="stmt" count="2"/>
      <line num="48" type="stmt" count="2"/>
      <line num="51" type="stmt" count="4"/>
      <line num="52" type="stmt" count="1"/>
      <line num="53" type="stmt" count="1"/>
      <line num="54" type="stmt" count="1"/>
      <line num="56" type="stmt" count="1"/>
      <line num="59" type="stmt" count="1"/>
      <line num="62" type="stmt" count="3"/>
      <line num="64" type="stmt" count="3"/>
      <line num="65" type="stmt" count="1"/>
      <line num="66" type="stmt" count="1"/>
      <line num="67" type="stmt" count="1"/>
      <line num="69" type="stmt" count="1"/>
      <line num="72" type="stmt" count="1"/>
      <line num="75" type="stmt" count="2"/>
      <line num="76" type="stmt" count="2"/>
      <line num="77" type="stmt" count="2"/>
      <line num="78" type="stmt" count="2"/>
      <line num="80" type="stmt" count="2"/>
      <line num="84" type="stmt" count="2"/>
      <line num="85" type="stmt" count="2"/>
      <metrics loc="86" ncloc="73" classes="1" methods="2" coveredmethods="2" conditionals="0" coveredconditionals="0" statements="30" coveredstatements="30" elements="32" coveredelements="32"/>
    </file>
    <file name="/home/alexp/www/repositories/alex-patterson-webdev/doctrine-entity-repository/src/Persistence/Event/Listener/TransactionListener.php">
      <class name="Arp\DoctrineEntityRepository\Persistence\Event\Listener\TransactionListener" namespace="global">
        <metrics complexity="14" methods="6" coveredmethods="6" conditionals="0" coveredconditionals="0" statements="57" coveredstatements="57" elements="63" coveredelements="63"/>
      </class>
      <line num="32" type="method" name="__construct" visibility="public" complexity="1" crap="1" count="1"/>
      <line num="34" type="stmt" count="1"/>
      <line num="35" type="stmt" count="1"/>
      <line num="42" type="method" name="addListeners" visibility="public" complexity="1" crap="1" count="1"/>
      <line num="44" type="stmt" count="1"/>
      <line num="45" type="stmt" count="1"/>
      <line num="46" type="stmt" count="1"/>
      <line num="48" type="stmt" count="1"/>
      <line num="49" type="stmt" count="1"/>
      <line num="50" type="stmt" count="1"/>
      <line num="52" type="stmt" count="1"/>
      <line num="53" type="stmt" count="1"/>
      <line num="54" type="stmt" count="1"/>
      <line num="55" type="stmt" count="1"/>
      <line num="60" type="method" name="beginTransaction" visibility="public" complexity="3" crap="3" count="2"/>
      <line num="62" type="stmt" count="2"/>
      <line num="63" type="stmt" count="1"/>
      <line num="65" type="stmt" count="1"/>
      <line num="67" type="stmt" count="1"/>
      <line num="68" type="stmt" count="1"/>
      <line num="69" type="stmt" count="1"/>
      <line num="70" type="stmt" count="1"/>
      <line num="71" type="stmt" count="1"/>
      <line num="72" type="stmt" count="1"/>
      <line num="76" type="stmt" count="1"/>
      <line num="77" type="stmt" count="1"/>
      <line num="82" type="method" name="commitTransaction" visibility="public" complexity="3" crap="3" count="2"/>
      <line num="84" type="stmt" count="2"/>
      <line num="85" type="stmt" count="1"/>
      <line num="87" type="stmt" count="1"/>
      <line num="89" type="stmt" count="1"/>
      <line num="90" type="stmt" count="1"/>
      <line num="91" type="stmt" count="1"/>
      <line num="92" type="stmt" count="1"/>
      <line num="93" type="stmt" count="1"/>
      <line num="94" type="stmt" count="1"/>
      <line num="98" type="stmt" count="1"/>
      <line num="99" type="stmt" count="1"/>
      <line num="104" type="method" name="rollbackTransaction" visibility="public" complexity="2" crap="2" count="2"/>
      <line num="106" type="stmt" count="2"/>
      <line num="107" type="stmt" count="1"/>
      <line num="110" type="stmt" count="1"/>
      <line num="111" type="stmt" count="1"/>
      <line num="112" type="stmt" count="1"/>
      <line num="113" type="stmt" count="1"/>
      <line num="114" type="stmt" count="1"/>
      <line num="118" type="stmt" count="1"/>
      <line num="119" type="stmt" count="1"/>
      <line num="127" type="method" name="isEnabled" visibility="private" complexity="4" crap="4" count="6"/>
      <line num="129" type="stmt" count="6"/>
      <line num="130" type="stmt" count="6"/>
      <line num="131" type="stmt" count="6"/>
      <line num="134" type="stmt" count="6"/>
      <line num="135" type="stmt" count="3"/>
      <line num="138" type="stmt" count="3"/>
      <line num="139" type="stmt" count="3"/>
      <line num="140" type="stmt" count="3"/>
      <line num="142" type="stmt" count="3"/>
      <line num="143" type="stmt" count="3"/>
      <line num="144" type="stmt" count="3"/>
      <line num="148" type="stmt" count="3"/>
      <line num="151" type="stmt" count="3"/>
      <line num="154" type="stmt" count="3"/>
      <metrics loc="156" ncloc="126" classes="1" methods="6" coveredmethods="6" conditionals="0" coveredconditionals="0" statements="57" coveredstatements="57" elements="63" coveredelements="63"/>
    </file>
    <file name="/home/alexp/www/repositories/alex-patterson-webdev/doctrine-entity-repository/src/Persistence/Exception/InvalidArgumentException.php">
      <class name="Arp\DoctrineEntityRepository\Persistence\Exception\InvalidArgumentException" namespace="global">
        <metrics complexity="0" methods="0" coveredmethods="0" conditionals="0" coveredconditionals="0" statements="0" coveredstatements="0" elements="0" coveredelements="0"/>
      </class>
      <metrics loc="14" ncloc="10" classes="0" methods="0" coveredmethods="0" conditionals="0" coveredconditionals="0" statements="0" coveredstatements="0" elements="0" coveredelements="0"/>
    </file>
    <file name="/home/alexp/www/repositories/alex-patterson-webdev/doctrine-entity-repository/src/Persistence/Exception/PersistenceException.php">
      <class name="Arp\DoctrineEntityRepository\Persistence\Exception\PersistenceException" namespace="global">
        <metrics complexity="0" methods="0" coveredmethods="0" conditionals="0" coveredconditionals="0" statements="0" coveredstatements="0" elements="0" coveredelements="0"/>
      </class>
      <metrics loc="14" ncloc="10" classes="0" methods="0" coveredmethods="0" conditionals="0" coveredconditionals="0" statements="0" coveredstatements="0" elements="0" coveredelements="0"/>
    </file>
    <file name="/home/alexp/www/repositories/alex-patterson-webdev/doctrine-entity-repository/src/Persistence/Exception/RuntimeException.php">
      <class name="Arp\DoctrineEntityRepository\Persistence\Exception\RuntimeException" namespace="global">
        <metrics complexity="0" methods="0" coveredmethods="0" conditionals="0" coveredconditionals="0" statements="0" coveredstatements="0" elements="0" coveredelements="0"/>
      </class>
      <metrics loc="14" ncloc="10" classes="0" methods="0" coveredmethods="0" conditionals="0" coveredconditionals="0" statements="0" coveredstatements="0" elements="0" coveredelements="0"/>
    </file>
    <file name="/home/alexp/www/repositories/alex-patterson-webdev/doctrine-entity-repository/src/Persistence/PersistService.php">
      <class name="Arp\DoctrineEntityRepository\Persistence\PersistService" namespace="global">
        <metrics complexity="32" methods="17" coveredmethods="11" conditionals="0" coveredconditionals="0" statements="114" coveredstatements="67" elements="131" coveredelements="78"/>
      </class>
      <line num="48" type="method" name="__construct" visibility="public" complexity="1" crap="1" count="1"/>
      <line num="54" type="stmt" count="1"/>
      <line num="55" type="stmt" count="1"/>
      <line num="56" type="stmt" count="1"/>
      <line num="57" type="stmt" count="1"/>
      <line num="58" type="stmt" count="1"/>
      <line num="65" type="method" name="getEntityName" visibility="public" complexity="1" crap="1" count="1"/>
      <line num="67" type="stmt" count="1"/>
      <line num="78" type="method" name="save" visibility="public" complexity="2" crap="2" count="4"/>
      <line num="80" type="stmt" count="4"/>
      <line num="81" type="stmt" count="2"/>
      <line num="84" type="stmt" count="2"/>
      <line num="95" type="method" name="update" visibility="protected" complexity="2" crap="2" count="2"/>
      <line num="98" type="stmt" count="2"/>
      <line num="100" type="stmt" count="1"/>
      <line num="101" type="stmt" count="1"/>
      <line num="103" type="stmt" count="1"/>
      <line num="105" type="stmt" count="1"/>
      <line num="117" type="method" name="insert" visibility="protected" complexity="2" crap="2" count="2"/>
      <line num="120" type="stmt" count="2"/>
      <line num="122" type="stmt" count="1"/>
      <line num="123" type="stmt" count="1"/>
      <line num="125" type="stmt" count="1"/>
      <line num="127" type="stmt" count="1"/>
      <line num="139" type="method" name="delete" visibility="public" complexity="2" crap="6" count="0"/>
      <line num="142" type="stmt" count="0"/>
      <line num="144" type="stmt" count="0"/>
      <line num="145" type="stmt" count="0"/>
      <line num="146" type="stmt" count="0"/>
      <line num="148" type="stmt" count="0"/>
      <line num="159" type="method" name="persist" visibility="public" complexity="3" crap="3" count="3"/>
      <line num="161" type="stmt" count="3"/>
      <line num="162" type="stmt" count="1"/>
      <line num="163" type="stmt" count="1"/>
      <line num="164" type="stmt" count="1"/>
      <line num="165" type="stmt" count="1"/>
      <line num="166" type="stmt" count="1"/>
      <line num="169" type="stmt" count="1"/>
      <line num="171" type="stmt" count="1"/>
      <line num="175" type="stmt" count="2"/>
      <line num="176" type="stmt" count="1"/>
      <line num="177" type="stmt" count="1"/>
      <line num="178" type="stmt" count="1"/>
      <line num="179" type="stmt" count="1"/>
      <line num="180" type="stmt" count="1"/>
      <line num="183" type="stmt" count="1"/>
      <line num="185" type="stmt" count="1"/>
      <line num="187" type="stmt" count="1"/>
      <line num="194" type="method" name="flush" visibility="public" complexity="2" crap="2" count="2"/>
      <line num="197" type="stmt" count="2"/>
      <line num="198" type="stmt" count="1"/>
      <line num="199" type="stmt" count="1"/>
      <line num="200" type="stmt" count="1"/>
      <line num="201" type="stmt" count="1"/>
      <line num="202" type="stmt" count="1"/>
      <line num="205" type="stmt" count="1"/>
      <line num="207" type="stmt" count="1"/>
      <line num="209" type="stmt" count="1"/>
      <line num="218" type="method" name="clear" visibility="public" complexity="2" crap="2" count="2"/>
      <line num="221" type="stmt" count="2"/>
      <line num="222" type="stmt" count="1"/>
      <line num="223" type="stmt" count="1"/>
      <line num="224" type="stmt" count="1"/>
      <line num="225" type="stmt" count="1"/>
      <line num="226" type="stmt" count="1"/>
      <line num="229" type="stmt" count="1"/>
      <line num="231" type="stmt" count="1"/>
      <line num="233" type="stmt" count="1"/>
      <line num="240" type="method" name="refresh" visibility="public" complexity="3" crap="12" count="0"/>
      <line num="242" type="stmt" count="0"/>
      <line num="244" type="stmt" count="0"/>
      <line num="245" type="stmt" count="0"/>
      <line num="246" type="stmt" count="0"/>
      <line num="247" type="stmt" count="0"/>
      <line num="248" type="stmt" count="0"/>
      <line num="249" type="stmt" count="0"/>
      <line num="250" type="stmt" count="0"/>
      <line num="256" type="stmt" count="0"/>
      <line num="257" type="stmt" count="0"/>
      <line num="258" type="stmt" count="0"/>
      <line num="259" type="stmt" count="0"/>
      <line num="260" type="stmt" count="0"/>
      <line num="261" type="stmt" count="0"/>
      <line num="262" type="stmt" count="0"/>
      <line num="264" type="stmt" count="0"/>
      <line num="268" type="stmt" count="0"/>
      <line num="273" type="method" name="beginTransaction" visibility="public" complexity="2" crap="6" count="0"/>
      <line num="276" type="stmt" count="0"/>
      <line num="277" type="stmt" count="0"/>
      <line num="278" type="stmt" count="0"/>
      <line num="279" type="stmt" count="0"/>
      <line num="280" type="stmt" count="0"/>
      <line num="284" type="stmt" count="0"/>
      <line num="289" type="method" name="commitTransaction" visibility="public" complexity="2" crap="6" count="0"/>
      <line num="292" type="stmt" count="0"/>
      <line num="293" type="stmt" count="0"/>
      <line num="294" type="stmt" count="0"/>
      <line num="295" type="stmt" count="0"/>
      <line num="296" type="stmt" count="0"/>
      <line num="300" type="stmt" count="0"/>
      <line num="305" type="method" name="rollbackTransaction" visibility="public" complexity="2" crap="6" count="0"/>
      <line num="308" type="stmt" count="0"/>
      <line num="309" type="stmt" count="0"/>
      <line num="310" type="stmt" count="0"/>
      <line num="311" type="stmt" count="0"/>
      <line num="312" type="stmt" count="0"/>
      <line num="316" type="stmt" count="0"/>
      <line num="325" type="method" name="dispatchEvent" visibility="protected" complexity="1" crap="1" count="4"/>
      <line num="327" type="stmt" count="4"/>
      <line num="339" type="method" name="createEvent" visibility="protected" complexity="2" crap="6" count="0"/>
      <line num="341" type="stmt" count="0"/>
      <line num="342" type="stmt" count="0"/>
      <line num="343" type="stmt" count="0"/>
      <line num="344" type="stmt" count="0"/>
      <line num="348" type="stmt" count="0"/>
      <line num="349" type="stmt" count="0"/>
      <line num="352" type="stmt" count="0"/>
      <line num="364" type="method" name="createErrorEvent" visibility="private" complexity="1" crap="1" count="2"/>
      <line num="366" type="stmt" count="2"/>
      <line num="367" type="stmt" count="2"/>
      <line num="368" type="stmt" count="2"/>
      <line num="369" type="stmt" count="2"/>
      <line num="380" type="method" name="createEventException" visibility="private" complexity="2" crap="2" count="2"/>
      <line num="382" type="stmt" count="2"/>
      <line num="383" type="stmt" count="2"/>
      <line num="384" type="stmt" count="2"/>
      <line num="385" type="stmt" count="2"/>
      <line num="389" type="stmt" count="2"/>
      <line num="390" type="stmt" count="2"/>
      <line num="393" type="stmt" count="2"/>
      <line num="395" type="stmt" count="2"/>
      <metrics loc="397" ncloc="275" classes="1" methods="17" coveredmethods="11" conditionals="0" coveredconditionals="0" statements="114" coveredstatements="67" elements="131" coveredelements="78"/>
    </file>
    <file name="/home/alexp/www/repositories/alex-patterson-webdev/doctrine-entity-repository/src/Persistence/PersistServiceInterface.php">
      <metrics loc="78" ncloc="25" classes="0" methods="0" coveredmethods="0" conditionals="0" coveredconditionals="0" statements="0" coveredstatements="0" elements="0" coveredelements="0"/>
    </file>
    <file name="/home/alexp/www/repositories/alex-patterson-webdev/doctrine-entity-repository/src/Persistence/TransactionServiceInterface.php">
      <metrics loc="27" ncloc="14" classes="0" methods="0" coveredmethods="0" conditionals="0" coveredconditionals="0" statements="0" coveredstatements="0" elements="0" coveredelements="0"/>
    </file>
    <file name="/home/alexp/www/repositories/alex-patterson-webdev/doctrine-entity-repository/src/Query/Exception/QueryServiceException.php">
      <class name="Arp\DoctrineEntityRepository\Query\Exception\QueryServiceException" namespace="global">
        <metrics complexity="0" methods="0" coveredmethods="0" conditionals="0" coveredconditionals="0" statements="0" coveredstatements="0" elements="0" coveredelements="0"/>
      </class>
      <metrics loc="14" ncloc="10" classes="0" methods="0" coveredmethods="0" conditionals="0" coveredconditionals="0" statements="0" coveredstatements="0" elements="0" coveredelements="0"/>
    </file>
    <file name="/home/alexp/www/repositories/alex-patterson-webdev/doctrine-entity-repository/src/Query/QueryService.php">
      <class name="Arp\DoctrineEntityRepository\Query\QueryService" namespace="global">
        <metrics complexity="35" methods="11" coveredmethods="2" conditionals="0" coveredconditionals="0" statements="82" coveredstatements="30" elements="93" coveredelements="32"/>
      </class>
      <line num="42" type="method" name="__construct" visibility="public" complexity="1" crap="1" count="1"/>
      <line num="44" type="stmt" count="1"/>
      <line num="45" type="stmt" count="1"/>
      <line num="46" type="stmt" count="1"/>
      <line num="47" type="stmt" count="1"/>
      <line num="52" type="method" name="getEntityName" visibility="public" complexity="1" crap="2" count="0"/>
      <line num="54" type="stmt" count="0"/>
      <line num="64" type="method" name="createQueryBuilder" visibility="public" complexity="2" crap="2" count="2"/>
      <line num="66" type="stmt" count="2"/>
      <line num="68" type="stmt" count="2"/>
      <line num="69" type="stmt" count="1"/>
      <line num="72" type="stmt" count="2"/>
      <line num="83" type="method" name="getSingleResultOrNull" visibility="public" complexity="4" crap="20" count="0"/>
      <line num="85" type="stmt" count="0"/>
      <line num="87" type="stmt" count="0"/>
      <line num="88" type="stmt" count="0"/>
      <line num="91" type="stmt" count="0"/>
      <line num="92" type="stmt" count="0"/>
      <line num="95" type="stmt" count="0"/>
      <line num="96" type="stmt" count="0"/>
      <line num="99" type="stmt" count="0"/>
      <line num="112" type="method" name="execute" visibility="public" complexity="5" crap="5.05" count="7"/>
      <line num="114" type="stmt" count="7"/>
      <line num="115" type="stmt" count="0"/>
      <line num="117" type="stmt" count="0"/>
      <line num="120" type="stmt" count="7"/>
      <line num="121" type="stmt" count="1"/>
      <line num="122" type="stmt" count="1"/>
      <line num="123" type="stmt" count="1"/>
      <line num="124" type="stmt" count="1"/>
      <line num="125" type="stmt" count="1"/>
      <line num="126" type="stmt" count="1"/>
      <line num="132" type="stmt" count="6"/>
      <line num="134" type="stmt" count="6"/>
      <line num="135" type="stmt" count="1"/>
      <line num="136" type="stmt" count="1"/>
      <line num="138" type="stmt" count="1"/>
      <line num="140" type="stmt" count="1"/>
      <line num="154" type="method" name="findOneById" visibility="public" complexity="1" crap="2" count="0"/>
      <line num="156" type="stmt" count="0"/>
      <line num="169" type="method" name="findOne" visibility="public" complexity="3" crap="12" count="0"/>
      <line num="172" type="stmt" count="0"/>
      <line num="174" type="stmt" count="0"/>
      <line num="175" type="stmt" count="0"/>
      <line num="176" type="stmt" count="0"/>
      <line num="177" type="stmt" count="0"/>
      <line num="178" type="stmt" count="0"/>
      <line num="179" type="stmt" count="0"/>
      <line num="180" type="stmt" count="0"/>
      <line num="181" type="stmt" count="0"/>
      <line num="184" type="stmt" count="0"/>
      <line num="185" type="stmt" count="0"/>
      <line num="186" type="stmt" count="0"/>
      <line num="188" type="stmt" count="0"/>
      <line num="190" type="stmt" count="0"/>
      <line num="204" type="method" name="findMany" visibility="public" complexity="2" crap="6" count="0"/>
      <line num="207" type="stmt" count="0"/>
      <line num="209" type="stmt" count="0"/>
      <line num="210" type="stmt" count="0"/>
      <line num="211" type="stmt" count="0"/>
      <line num="212" type="stmt" count="0"/>
      <line num="213" type="stmt" count="0"/>
      <line num="215" type="stmt" count="0"/>
      <line num="216" type="stmt" count="0"/>
      <line num="218" type="stmt" count="0"/>
      <line num="220" type="stmt" count="0"/>
      <line num="231" type="method" name="count" visibility="public" complexity="1" crap="2" count="0"/>
      <line num="233" type="stmt" count="0"/>
      <line num="235" type="stmt" count="0"/>
      <line num="246" type="method" name="prepareQueryBuilder" visibility="protected" complexity="6" crap="42" count="0"/>
      <line num="248" type="stmt" count="0"/>
      <line num="249" type="stmt" count="0"/>
      <line num="252" type="stmt" count="0"/>
      <line num="253" type="stmt" count="0"/>
      <line num="256" type="stmt" count="0"/>
      <line num="257" type="stmt" count="0"/>
      <line num="258" type="stmt" count="0"/>
      <line num="259" type="stmt" count="0"/>
      <line num="260" type="stmt" count="0"/>
      <line num="265" type="stmt" count="0"/>
      <line num="279" type="method" name="prepareQuery" visibility="protected" complexity="9" crap="12.00" count="6"/>
      <line num="281" type="stmt" count="6"/>
      <line num="282" type="stmt" count="1"/>
      <line num="285" type="stmt" count="6"/>
      <line num="286" type="stmt" count="1"/>
      <line num="289" type="stmt" count="6"/>
      <line num="290" type="stmt" count="0"/>
      <line num="293" type="stmt" count="6"/>
      <line num="294" type="stmt" count="0"/>
      <line num="295" type="stmt" count="0"/>
      <line num="299" type="stmt" count="6"/>
      <line num="300" type="stmt" count="0"/>
      <line num="303" type="stmt" count="6"/>
      <metrics loc="305" ncloc="203" classes="1" methods="11" coveredmethods="2" conditionals="0" coveredconditionals="0" statements="82" coveredstatements="30" elements="93" coveredelements="32"/>
    </file>
    <file name="/home/alexp/www/repositories/alex-patterson-webdev/doctrine-entity-repository/src/Query/QueryServiceInterface.php">
      <metrics loc="97" ncloc="28" classes="0" methods="0" coveredmethods="0" conditionals="0" coveredconditionals="0" statements="0" coveredstatements="0" elements="0" coveredelements="0"/>
    </file>
    <metrics files="52" loc="3840" ncloc="2707" classes="26" methods="98" coveredmethods="67" conditionals="0" coveredconditionals="0" statements="890" coveredstatements="627" elements="988" coveredelements="694"/>
  </project>
</coverage>
